<?xml version="1.0" encoding="UTF-8"?>
<!-- Generated by org.testng.reporters.JUnitXMLReporter -->
<testsuite ignored="0" hostname="DESKTOP-KJGNL7K" failures="0" tests="3" name="Test" time="17.926" errors="0" timestamp="2025-08-22T12:57:00 IST">
  <testcase classname="testNG.TestCase" name="fetchPageSource" time="0.12"/>
  <testcase classname="testNG.TestCase" name="fetchTitle" time="0.014"/>
  <testcase classname="testNG.TestCase" name="fetchUrl" time="0.014"/>
</testsuite> <!-- Test -->
